This is pdfTeX, Version 3.14159265-2.6-1.40.17 (TeX Live 2016/MacPorts 2016_5) (preloaded format=pdflatex 2016.10.17)  17 JUN 2017 16:33
entering extended mode
 restricted \write18 enabled.
 %&-line parsing enabled.
**final-report.tex
(./final-report.tex
LaTeX2e <2016/03/31>
Babel <3.9r> and hyphenation patterns for 47 language(s) loaded.
(/opt/local/share/texmf-texlive/tex/latex/base/report.cls
Document Class: report 2014/09/29 v1.4h Standard LaTeX document class
(/opt/local/share/texmf-texlive/tex/latex/base/size10.clo
File: size10.clo 2014/09/29 v1.4h Standard LaTeX file (size option)
)
\c@part=\count79
\c@chapter=\count80
\c@section=\count81
\c@subsection=\count82
\c@subsubsection=\count83
\c@paragraph=\count84
\c@subparagraph=\count85
\c@figure=\count86
\c@table=\count87
\abovecaptionskip=\skip41
\belowcaptionskip=\skip42
\bibindent=\dimen102
)
(/opt/local/share/texmf-texlive/tex/latex/base/fontenc.sty
Package: fontenc 2005/09/27 v1.99g Standard LaTeX package

(/opt/local/share/texmf-texlive/tex/latex/base/t1enc.def
File: t1enc.def 2005/09/27 v1.99g Standard LaTeX file
LaTeX Font Info:    Redeclaring font encoding T1 on input line 48.
))
(/opt/local/share/texmf-texlive/tex/latex/base/inputenc.sty
Package: inputenc 2015/03/17 v1.2c Input encoding file
\inpenc@prehook=\toks14
\inpenc@posthook=\toks15

(/opt/local/share/texmf-texlive/tex/latex/base/latin9.def
File: latin9.def 2015/03/17 v1.2c Input encoding file
))
(/opt/local/share/texmf-texlive/tex/latex/geometry/geometry.sty
Package: geometry 2010/09/12 v5.6 Page Geometry

(/opt/local/share/texmf-texlive/tex/latex/graphics/keyval.sty
Package: keyval 2014/10/28 v1.15 key=value parser (DPC)
\KV@toks@=\toks16
)
(/opt/local/share/texmf-texlive/tex/generic/oberdiek/ifpdf.sty
Package: ifpdf 2016/05/14 v3.1 Provides the ifpdf switch
)
(/opt/local/share/texmf-texlive/tex/generic/oberdiek/ifvtex.sty
Package: ifvtex 2016/05/16 v1.6 Detect VTeX and its facilities (HO)
Package ifvtex Info: VTeX not detected.
)
(/opt/local/share/texmf-texlive/tex/generic/ifxetex/ifxetex.sty
Package: ifxetex 2010/09/12 v0.6 Provides ifxetex conditional
)
\Gm@cnth=\count88
\Gm@cntv=\count89
\c@Gm@tempcnt=\count90
\Gm@bindingoffset=\dimen103
\Gm@wd@mp=\dimen104
\Gm@odd@mp=\dimen105
\Gm@even@mp=\dimen106
\Gm@layoutwidth=\dimen107
\Gm@layoutheight=\dimen108
\Gm@layouthoffset=\dimen109
\Gm@layoutvoffset=\dimen110
\Gm@dimlist=\toks17
)
(/opt/local/share/texmf-texlive/tex/latex/float/float.sty
Package: float 2001/11/08 v1.3d Float enhancements (AL)
\c@float@type=\count91
\float@exts=\toks18
\float@box=\box26
\@float@everytoks=\toks19
\@floatcapt=\box27
)
(/opt/local/share/texmf-texlive/tex/latex/graphics/graphicx.sty
Package: graphicx 2014/10/28 v1.0g Enhanced LaTeX Graphics (DPC,SPQR)

(/opt/local/share/texmf-texlive/tex/latex/graphics/graphics.sty
Package: graphics 2016/05/09 v1.0r Standard LaTeX Graphics (DPC,SPQR)

(/opt/local/share/texmf-texlive/tex/latex/graphics/trig.sty
Package: trig 2016/01/03 v1.10 sin cos tan (DPC)
)
(/opt/local/share/texmf-texlive/tex/latex/graphics-cfg/graphics.cfg
File: graphics.cfg 2016/01/02 v1.10 sample graphics configuration
)
Package graphics Info: Driver file: pdftex.def on input line 96.

(/opt/local/share/texmf-texlive/tex/latex/pdftex-def/pdftex.def
File: pdftex.def 2011/05/27 v0.06d Graphics/color for pdfTeX

(/opt/local/share/texmf-texlive/tex/generic/oberdiek/infwarerr.sty
Package: infwarerr 2016/05/16 v1.4 Providing info/warning/error messages (HO)
)
(/opt/local/share/texmf-texlive/tex/generic/oberdiek/ltxcmds.sty
Package: ltxcmds 2016/05/16 v1.23 LaTeX kernel commands for general use (HO)
)
\Gread@gobject=\count92
))
\Gin@req@height=\dimen111
\Gin@req@width=\dimen112
)
(/opt/local/share/texmf-texlive/tex/latex/siunitx/siunitx.sty
(/opt/local/share/texmf-texlive/tex/latex/l3kernel/expl3.sty
Package: expl3 2016/05/18 v6512 L3 programming layer (loader) 

(/opt/local/share/texmf-texlive/tex/latex/l3kernel/expl3-code.tex
Package: expl3 2016/05/18 v6512 L3 programming layer (code)
L3 Module: l3bootstrap 2016/02/12 v6412 L3 Bootstrap code
L3 Module: l3names 2016/03/11 v6433 L3 Namespace for primitives
L3 Module: l3basics 2015/11/22 v6315 L3 Basic definitions
L3 Module: l3expan 2015/09/10 v5983 L3 Argument expansion
L3 Module: l3tl 2016/03/26 v6465 L3 Token lists
L3 Module: l3str 2016/03/24 v6441 L3 Strings
L3 Module: l3seq 2015/08/05 v5777 L3 Sequences and stacks
L3 Module: l3int 2016/03/24 v6441 L3 Integers
\c_max_int=\count93
\l_tmpa_int=\count94
\l_tmpb_int=\count95
\g_tmpa_int=\count96
\g_tmpb_int=\count97
L3 Module: l3quark 2015/08/17 v5855 L3 Quarks
L3 Module: l3prg 2015/11/01 v6216 L3 Control structures
\g__prg_map_int=\count98
L3 Module: l3clist 2015/09/02 v5901 L3 Comma separated lists
L3 Module: l3token 2016/04/03 v6470 L3 Experimental token manipulation
L3 Module: l3prop 2016/01/05 v6366 L3 Property lists
L3 Module: l3msg 2016/03/26 v6464 L3 Messages
L3 Module: l3file 2016/03/25 v6458 L3 File and I/O operations
\l_iow_line_count_int=\count99
\l__iow_target_count_int=\count100
\l__iow_current_line_int=\count101
\l__iow_current_word_int=\count102
\l__iow_current_indentation_int=\count103
L3 Module: l3skip 2016/01/05 v6366 L3 Dimensions and skips
\c_zero_dim=\dimen113
\c_max_dim=\dimen114
\l_tmpa_dim=\dimen115
\l_tmpb_dim=\dimen116
\g_tmpa_dim=\dimen117
\g_tmpb_dim=\dimen118
\c_zero_skip=\skip43
\c_max_skip=\skip44
\l_tmpa_skip=\skip45
\l_tmpb_skip=\skip46
\g_tmpa_skip=\skip47
\g_tmpb_skip=\skip48
\c_zero_muskip=\muskip10
\c_max_muskip=\muskip11
\l_tmpa_muskip=\muskip12
\l_tmpb_muskip=\muskip13
\g_tmpa_muskip=\muskip14
\g_tmpb_muskip=\muskip15
L3 Module: l3keys 2015/11/17 v6284 L3 Key-value interfaces
\g__keyval_level_int=\count104
\l_keys_choice_int=\count105
L3 Module: l3fp 2016/03/26 v6465 L3 Floating points
\c__fp_leading_shift_int=\count106
\c__fp_middle_shift_int=\count107
\c__fp_trailing_shift_int=\count108
\c__fp_big_leading_shift_int=\count109
\c__fp_big_middle_shift_int=\count110
\c__fp_big_trailing_shift_int=\count111
\c__fp_Bigg_leading_shift_int=\count112
\c__fp_Bigg_middle_shift_int=\count113
\c__fp_Bigg_trailing_shift_int=\count114
L3 Module: l3box 2015/08/09 v5822 L3 Experimental boxes
\c_empty_box=\box28
\l_tmpa_box=\box29
\l_tmpb_box=\box30
\g_tmpa_box=\box31
\g_tmpb_box=\box32
L3 Module: l3coffins 2016/05/17 v6508 L3 Coffin code layer
\l__coffin_internal_box=\box33
\l__coffin_internal_dim=\dimen119
\l__coffin_offset_x_dim=\dimen120
\l__coffin_offset_y_dim=\dimen121
\l__coffin_x_dim=\dimen122
\l__coffin_y_dim=\dimen123
\l__coffin_x_prime_dim=\dimen124
\l__coffin_y_prime_dim=\dimen125
\c_empty_coffin=\box34
\l__coffin_aligned_coffin=\box35
\l__coffin_aligned_internal_coffin=\box36
\l_tmpa_coffin=\box37
\l_tmpb_coffin=\box38
\l__coffin_display_coffin=\box39
\l__coffin_display_coord_coffin=\box40
\l__coffin_display_pole_coffin=\box41
\l__coffin_display_offset_dim=\dimen126
\l__coffin_display_x_dim=\dimen127
\l__coffin_display_y_dim=\dimen128
L3 Module: l3color 2014/08/23 v5354 L3 Experimental color support
L3 Module: l3sys 2015/09/25 v6087 L3 Experimental system/runtime functions
L3 Module: l3candidates 2016/05/13 v6484 L3 Experimental additions to l3kernel
\l__box_top_dim=\dimen129
\l__box_bottom_dim=\dimen130
\l__box_left_dim=\dimen131
\l__box_right_dim=\dimen132
\l__box_top_new_dim=\dimen133
\l__box_bottom_new_dim=\dimen134
\l__box_left_new_dim=\dimen135
\l__box_right_new_dim=\dimen136
\l__box_internal_box=\box42
\l__coffin_bounding_shift_dim=\dimen137
\l__coffin_left_corner_dim=\dimen138
\l__coffin_right_corner_dim=\dimen139
\l__coffin_bottom_corner_dim=\dimen140
\l__coffin_top_corner_dim=\dimen141
\l__coffin_scaled_total_height_dim=\dimen142
\l__coffin_scaled_width_dim=\dimen143
L3 Module: l3luatex 2016/03/26 v6465 L3 Experimental LuaTeX-specific functions
)
(/opt/local/share/texmf-texlive/tex/latex/l3kernel/l3pdfmode.def
File: l3pdfmode.def 2016/03/26 v6465 L3 Experimental driver: PDF mode
\l__driver_color_stack_int=\count115
\l__driver_tmp_box=\box43
))
(/opt/local/share/texmf-texlive/tex/latex/l3packages/xparse/xparse.sty
Package: xparse 2016/05/18 v6512 L3 Experimental document command parser
\l__xparse_current_arg_int=\count116
\l__xparse_m_args_int=\count117
\l__xparse_mandatory_args_int=\count118
\l__xparse_processor_int=\count119
\l__xparse_v_nesting_int=\count120
)
Package: siunitx 2016/03/01 v2.6q A comprehensive (SI) units package

(/opt/local/share/texmf-texlive/tex/latex/amsmath/amstext.sty
Package: amstext 2000/06/29 v2.01 AMS text

(/opt/local/share/texmf-texlive/tex/latex/amsmath/amsgen.sty
File: amsgen.sty 1999/11/30 v2.0 generic functions
\@emptytoks=\toks20
\ex@=\dimen144
))
(/opt/local/share/texmf-texlive/tex/latex/tools/array.sty
Package: array 2014/10/28 v2.4c Tabular extension package (FMi)
\col@sep=\dimen145
\extrarowheight=\dimen146
\NC@list=\toks21
\extratabsurround=\skip49
\backup@length=\skip50
)
(/opt/local/share/texmf-texlive/tex/latex/l3packages/l3keys2e/l3keys2e.sty
Package: l3keys2e 2016/05/18 v6512 LaTeX2e option processing using LaTeX3 keys
)
\l__siunitx_tmp_box=\box44
\l__siunitx_tmp_dim=\dimen147
\l__siunitx_tmp_int=\count121
\l__siunitx_number_mantissa_length_int=\count122
\l__siunitx_number_uncert_length_int=\count123
\l__siunitx_round_int=\count124
\l__siunitx_process_decimal_int=\count125
\l__siunitx_process_uncertainty_int=\count126
\l__siunitx_process_fixed_int=\count127
\l__siunitx_process_integer_min_int=\count128
\l__siunitx_process_precision_int=\count129
\l__siunitx_group_min_int=\count130
\l__siunitx_angle_marker_box=\box45
\l__siunitx_angle_unit_box=\box46
\l__siunitx_angle_marker_dim=\dimen148
\l__siunitx_angle_unit_dim=\dimen149
\l__siunitx_unit_int=\count131
\l__siunitx_unit_denominator_int=\count132
\l__siunitx_unit_numerator_int=\count133
\l__siunitx_unit_prefix_int=\count134
\l__siunitx_unit_prefix_base_int=\count135
\l__siunitx_unit_prefix_gram_int=\count136
\l__siunitx_number_product_int=\count137
\c__siunitx_one_fill_skip=\skip51
\l__siunitx_table_unit_align_skip=\skip52
\l__siunitx_table_exponent_dim=\dimen150
\l__siunitx_table_integer_dim=\dimen151
\l__siunitx_table_mantissa_dim=\dimen152
\l__siunitx_table_marker_dim=\dimen153
\l__siunitx_table_result_dim=\dimen154
\l__siunitx_table_uncert_dim=\dimen155
\l__siunitx_table_fill_pre_dim=\dimen156
\l__siunitx_table_fill_post_dim=\dimen157
\l__siunitx_table_fill_mid_dim=\dimen158
\l__siunitx_table_pre_box=\box47
\l__siunitx_table_post_box=\box48
\l__siunitx_table_mantissa_box=\box49
\l__siunitx_table_result_box=\box50
\l__siunitx_table_number_align_skip=\skip53
\l__siunitx_table_text_align_skip=\skip54
.................................................
. LaTeX info: "xparse/define-command"
. 
. Defining command \DeclareBinaryPrefix with sig. 'mmm' on line 7218.
.................................................
.................................................
. LaTeX info: "xparse/define-command"
. 
. Defining command \DeclareSIPostPower with sig. 'mm' on line 7221.
.................................................
.................................................
. LaTeX info: "xparse/define-command"
. 
. Defining command \DeclareSIPrefix with sig. 'mmm' on line 7224.
.................................................
.................................................
. LaTeX info: "xparse/define-command"
. 
. Defining command \DeclareSIPrePower with sig. 'mm' on line 7227.
.................................................
.................................................
. LaTeX info: "xparse/define-command"
. 
. Defining command \DeclareSIQualifier with sig. 'mm' on line 7230.
.................................................
.................................................
. LaTeX info: "xparse/define-command"
. 
. Defining command \DeclareSIUnit with sig. 'O{}mm' on line 7233.
.................................................
.................................................
. LaTeX info: "xparse/define-command"
. 
. Defining command \DeclareSIUnitWithOptions with sig. 'mmm' on line 7236.
.................................................
.................................................
. LaTeX info: "xparse/define-command"
. 
. Defining command \ang with sig. 'o>{\SplitArgument {2}{;}}m' on line 7251.
.................................................
.................................................
. LaTeX info: "xparse/define-command"
. 
. Defining command \num with sig. 'om' on line 7260.
.................................................
.................................................
. LaTeX info: "xparse/define-command"
. 
. Defining command \numlist with sig. 'o>{\SplitList {;}}m' on line 7269.
.................................................
.................................................
. LaTeX info: "xparse/define-command"
. 
. Defining command \numrange with sig. 'omm' on line 7278.
.................................................
.................................................
. LaTeX info: "xparse/define-command"
. 
. Defining command \SIlist with sig. 'o>{\SplitList {;}}mm' on line 7290.
.................................................
.................................................
. LaTeX info: "xparse/define-command"
. 
. Defining command \SIrange with sig. 'ommm' on line 7302.
.................................................
.................................................
. LaTeX info: "xparse/define-command"
. 
. Defining command \SI with sig. 'omom' on line 7314.
.................................................
.................................................
. LaTeX info: "xparse/define-command"
. 
. Defining command \sisetup with sig. 'm' on line 7317.
.................................................
.................................................
. LaTeX info: "xparse/define-command"
. 
. Defining command \tablenum with sig. 'om' on line 7332.
.................................................
.................................................
. LaTeX info: "xparse/define-command"
. 
. Defining command \si with sig. 'om' on line 7344.
.................................................
.................................................
. LaTeX info: "xparse/define-command"
. 
. Defining command \__siunitx_bookmark_num:w with sig. 'om' on line 7391.
.................................................
.................................................
. LaTeX info: "xparse/define-command"
. 
. Defining command \__siunitx_bookmark_numrange:w with sig. 'omm' on line
. 7393.
.................................................
.................................................
. LaTeX info: "xparse/define-command"
. 
. Defining command \__siunitx_bookmark_SI:w with sig. 'omom' on line 7395.
.................................................
.................................................
. LaTeX info: "xparse/define-command"
. 
. Defining command \__siunitx_bookmark_SIlist:w with sig. 'omm' on line 7397.
.................................................
.................................................
. LaTeX info: "xparse/define-command"
. 
. Defining command \__siunitx_bookmark_SIrange:w with sig. 'ommm' on line
. 7399.
.................................................
.................................................
. LaTeX info: "xparse/define-command"
. 
. Defining command \__siunitx_bookmark_si:w with sig. 'om' on line 7400.
.................................................
\g__file_internal_ior=\read1

(/opt/local/share/texmf-texlive/tex/latex/beamer/translator/translator.sty
Package: translator 2010/06/12 ver 1.10

(/opt/local/share/texmf-texlive/tex/latex/beamer/translator/translator-language
-mappings.tex))) (/opt/local/share/texmf-texlive/tex/generic/babel/babel.sty
Package: babel 2016/04/23 3.9r The Babel package

(/opt/local/share/texmf-texlive/tex/generic/babel-english/english.ldf
Language: english 2012/08/20 v3.3p English support from the babel system

(/opt/local/share/texmf-texlive/tex/generic/babel/babel.def
File: babel.def 2016/04/23 3.9r Babel common definitions
\babel@savecnt=\count138
\U@D=\dimen159
)
\l@canadian = a dialect from \language\l@american 
\l@australian = a dialect from \language\l@british 
\l@newzealand = a dialect from \language\l@british 
))
(/opt/local/share/texmf-texlive/tex/latex/booktabs/booktabs.sty
Package: booktabs 2016/04/27 v1.618033 publication quality tables
\heavyrulewidth=\dimen160
\lightrulewidth=\dimen161
\cmidrulewidth=\dimen162
\belowrulesep=\dimen163
\belowbottomsep=\dimen164
\aboverulesep=\dimen165
\abovetopsep=\dimen166
\cmidrulesep=\dimen167
\cmidrulekern=\dimen168
\defaultaddspace=\dimen169
\@cmidla=\count139
\@cmidlb=\count140
\@aboverulesep=\dimen170
\@belowrulesep=\dimen171
\@thisruleclass=\count141
\@lastruleclass=\count142
\@thisrulewidth=\dimen172
)
(/opt/local/share/texmf-texlive/tex/latex/appendix/appendix.sty
Package: appendix 2009/09/02 v1.2b extra appendix facilities
\c@@pps=\count143
\c@@ppsavesec=\count144
\c@@ppsaveapp=\count145
)
(/opt/local/share/texmf-texlive/tex/latex/tools/multicol.sty
Package: multicol 2016/04/07 v1.8p multicolumn formatting (FMi)
\c@tracingmulticols=\count146
\mult@box=\box51
\multicol@leftmargin=\dimen173
\c@unbalance=\count147
\c@collectmore=\count148
\doublecol@number=\count149
\multicoltolerance=\count150
\multicolpretolerance=\count151
\full@width=\dimen174
\page@free=\dimen175
\premulticols=\dimen176
\postmulticols=\dimen177
\multicolsep=\skip55
\multicolbaselineskip=\skip56
\partial@page=\box52
\last@line=\box53
\maxbalancingoverflow=\dimen178
\mult@rightbox=\box54
\mult@grightbox=\box55
\mult@gfirstbox=\box56
\mult@firstbox=\box57
\@tempa=\box58
\@tempa=\box59
\@tempa=\box60
\@tempa=\box61
\@tempa=\box62
\@tempa=\box63
\@tempa=\box64
\@tempa=\box65
\@tempa=\box66
\@tempa=\box67
\@tempa=\box68
\@tempa=\box69
\@tempa=\box70
\@tempa=\box71
\@tempa=\box72
\@tempa=\box73
\@tempa=\box74
\c@columnbadness=\count152
\c@finalcolumnbadness=\count153
\last@try=\dimen179
\multicolovershoot=\dimen180
\multicolundershoot=\dimen181
\mult@nat@firstbox=\box75
\colbreak@box=\box76
\mc@col@check@num=\count154
)
(./final-report.aux)
\openout1 = `final-report.aux'.

LaTeX Font Info:    Checking defaults for OML/cmm/m/it on input line 27.
LaTeX Font Info:    ... okay on input line 27.
LaTeX Font Info:    Checking defaults for T1/cmr/m/n on input line 27.
LaTeX Font Info:    ... okay on input line 27.
LaTeX Font Info:    Checking defaults for OT1/cmr/m/n on input line 27.
LaTeX Font Info:    ... okay on input line 27.
LaTeX Font Info:    Checking defaults for OMS/cmsy/m/n on input line 27.
LaTeX Font Info:    ... okay on input line 27.
LaTeX Font Info:    Checking defaults for OMX/cmex/m/n on input line 27.
LaTeX Font Info:    ... okay on input line 27.
LaTeX Font Info:    Checking defaults for U/cmr/m/n on input line 27.
LaTeX Font Info:    ... okay on input line 27.

*geometry* driver: auto-detecting
*geometry* detected driver: pdftex

Package geometry Warning: The marginal notes overrun the paper.
     Add 3.7302pt and more to the right margin.

*geometry* verbose mode - [ preamble ] result:
* driver: pdftex
* paper: <default>
* layout: <same size as paper>
* layoutoffset:(h,v)=(0.0pt,0.0pt)
* modes: 
* h-part:(L,W,R)=(72.2698pt, 469.75539pt, 72.2698pt)
* v-part:(T,H,B)=(72.2698pt, 650.43037pt, 72.2698pt)
* \paperwidth=614.295pt
* \paperheight=794.96999pt
* \textwidth=469.75539pt
* \textheight=650.43037pt
* \oddsidemargin=-0.00018pt
* \evensidemargin=-0.00018pt
* \topmargin=-37.00018pt
* \headheight=12.0pt
* \headsep=25.0pt
* \topskip=10.0pt
* \footskip=30.0pt
* \marginparwidth=65.0pt
* \marginparsep=11.0pt
* \columnsep=10.0pt
* \skip\footins=9.0pt plus 4.0pt minus 2.0pt
* \hoffset=0.0pt
* \voffset=0.0pt
* \mag=1000
* \@twocolumnfalse
* \@twosidefalse
* \@mparswitchfalse
* \@reversemarginfalse
* (1in=72.27pt=25.4mm, 1cm=28.453pt)

(/opt/local/share/texmf-texlive/tex/context/base/mkii/supp-pdf.mkii
[Loading MPS to PDF converter (version 2006.09.02).]
\scratchcounter=\count155
\scratchdimen=\dimen182
\scratchbox=\box77
\nofMPsegments=\count156
\nofMParguments=\count157
\everyMPshowfont=\toks22
\MPscratchCnt=\count158
\MPscratchDim=\dimen183
\MPnumerator=\count159
\makeMPintoPDFobject=\count160
\everyMPtoPDFconversion=\toks23
) (/opt/local/share/texmf-texlive/tex/generic/oberdiek/pdftexcmds.sty
Package: pdftexcmds 2016/05/10 v0.21 Utility functions of pdfTeX for LuaTeX (HO
)

(/opt/local/share/texmf-texlive/tex/generic/oberdiek/ifluatex.sty
Package: ifluatex 2016/05/16 v1.4 Provides the ifluatex switch (HO)
Package ifluatex Info: LuaTeX not detected.
)
Package pdftexcmds Info: LuaTeX not detected.
Package pdftexcmds Info: \pdf@primitive is available.
Package pdftexcmds Info: \pdf@ifprimitive is available.
Package pdftexcmds Info: \pdfdraftmode found.
)
(/opt/local/share/texmf-texlive/tex/latex/oberdiek/epstopdf-base.sty
Package: epstopdf-base 2016/05/15 v2.6 Base part for package epstopdf

(/opt/local/share/texmf-texlive/tex/latex/oberdiek/grfext.sty
Package: grfext 2016/05/16 v1.2 Manage graphics extensions (HO)

(/opt/local/share/texmf-texlive/tex/generic/oberdiek/kvdefinekeys.sty
Package: kvdefinekeys 2016/05/16 v1.4 Define keys (HO)
))
(/opt/local/share/texmf-texlive/tex/latex/oberdiek/kvoptions.sty
Package: kvoptions 2016/05/16 v3.12 Key value format for package options (HO)

(/opt/local/share/texmf-texlive/tex/generic/oberdiek/kvsetkeys.sty
Package: kvsetkeys 2016/05/16 v1.17 Key value parser (HO)

(/opt/local/share/texmf-texlive/tex/generic/oberdiek/etexcmds.sty
Package: etexcmds 2016/05/16 v1.6 Avoid name clashes with e-TeX commands (HO)
Package etexcmds Info: Could not find \expanded.
(etexcmds)             That can mean that you are not using pdfTeX 1.50 or
(etexcmds)             that some package has redefined \expanded.
(etexcmds)             In the latter case, load this package earlier.
)))
Package grfext Info: Graphics extension search list:
(grfext)             [.png,.pdf,.jpg,.mps,.jpeg,.jbig2,.jb2,.PNG,.PDF,.JPG,.JPE
G,.JBIG2,.JB2,.eps]
(grfext)             \AppendGraphicsExtensions on input line 456.

(/opt/local/share/texmf-texlive/tex/latex/latexconfig/epstopdf-sys.cfg
File: epstopdf-sys.cfg 2010/07/13 v1.3 Configuration of (r)epstopdf for TeX Liv
e
))
(/opt/local/share/texmf-texlive/tex/latex/beamer/translator/dicts/translator-ba
sic-dictionary/translator-basic-dictionary-English.dict
Dictionary: translator-basic-dictionary, Language: English 
)
(/opt/local/share/texmf-texlive/tex/latex/siunitx/siunitx-abbreviations.cfg
File: siunitx-abbreviations.cfg 2016/03/01 v2.6q siunitx: Abbreviated units
)
\c__siunitx_mathsf_int=\count161
LaTeX Font Info:    External font `cmex10' loaded for size
(Font)              <7> on input line 27.
LaTeX Font Info:    External font `cmex10' loaded for size
(Font)              <5> on input line 27.
\c__siunitx_mathtt_int=\count162
LaTeX Font Info:    External font `cmex10' loaded for size
(Font)              <12> on input line 31.
LaTeX Font Info:    External font `cmex10' loaded for size
(Font)              <8> on input line 31.
LaTeX Font Info:    External font `cmex10' loaded for size
(Font)              <6> on input line 31.

[1

{/opt/local/var/db/texmf/fonts/map/pdftex/updmap/pdftex.map}]
(./final-report.toc)
\tf@toc=\write3
\openout3 = `final-report.toc'.

 [1

] (./final-report.lof)
\tf@lof=\write4
\openout4 = `final-report.lof'.

 [2

] (./final-report.lot)
\tf@lot=\write5
\openout5 = `final-report.lot'.

 [3

]
[4

] [5] [6

] <./images/habhub.png, id=33, 1037.8775pt x 891.33pt>
File: ./images/habhub.png Graphic file (type png)

<use ./images/habhub.png>
Package pdftex.def Info: ./images/habhub.png used on input line 93.
(pdftex.def)             Requested size: 415.14365pt x 356.52568pt.
 [7]
<./images/GOSH.jpeg, id=41, 563.10374pt x 676.5275pt>
File: ./images/GOSH.jpeg Graphic file (type jpg)
 <use ./images/GOSH.jpeg>
Package pdftex.def Info: ./images/GOSH.jpeg used on input line 101.
(pdftex.def)             Requested size: 225.2375pt x 270.6062pt.

[8 <./images/habhub.png>] [9 <./images/GOSH.jpeg>] [10

]
<./images/component-summary.jpg, id=52, 721.69624pt x 405.515pt>
File: ./images/component-summary.jpg Graphic file (type jpg)

<use ./images/component-summary.jpg>
Package pdftex.def Info: ./images/component-summary.jpg used on input line 117.

(pdftex.def)             Requested size: 469.097pt x 263.58162pt.

Underfull \hbox (badness 10000) in paragraph at lines 131--132
[]\T1/cmr/bx/n/10 Foamular 150 \T1/cmr/m/n/10 In-su-lat-ing outer shell.
 []

[11 <./images/component-summary.jpg>]
<./images/chipset-alone.jpg, id=56, 834.11626pt x 468.75125pt>
File: ./images/chipset-alone.jpg Graphic file (type jpg)

<use ./images/chipset-alone.jpg>
Package pdftex.def Info: ./images/chipset-alone.jpg used on input line 147.
(pdftex.def)             Requested size: 250.2368pt x 140.62645pt.
LaTeX Font Info:    Try loading font information for T1+cmtt on input line 153.


(/opt/local/share/texmf-texlive/tex/latex/base/t1cmtt.fd
File: t1cmtt.fd 2014/09/29 v2.5h Standard LaTeX font definitions
)
<./images/rear4.jpg, id=57, 547.04375pt x 410.53375pt>
File: ./images/rear4.jpg Graphic file (type jpg)

<use ./images/rear4.jpg>
Package pdftex.def Info: ./images/rear4.jpg used on input line 158.
(pdftex.def)             Requested size: 492.33482pt x 369.47696pt.

Overfull \hbox (22.57944pt too wide) in paragraph at lines 158--159
 [][] 
 []

[12 <./images/chipset-alone.jpg>]
<./images/chipset-tray.png, id=63, 850.17625pt x 723.70375pt>
File: ./images/chipset-tray.png Graphic file (type png)

<use ./images/chipset-tray.png>
Package pdftex.def Info: ./images/chipset-tray.png used on input line 171.
(pdftex.def)             Requested size: 170.03223pt x 144.73817pt.
 [13 <./images/rear4.jpg>]
<./images/tray.jpg, id=67, 1169.36874pt x 657.45625pt>
File: ./images/tray.jpg Graphic file (type jpg)
 <use ./images/tray.jpg>
Package pdftex.def Info: ./images/tray.jpg used on input line 186.
(pdftex.def)             Requested size: 233.8696pt x 131.48892pt.

[14 <./images/chipset-tray.png> <./images/tray.jpg>]
<./images/tracksoar.jpg, id=72, 412.97144pt x 258.10715pt>
File: ./images/tracksoar.jpg Graphic file (type jpg)

<use ./images/tracksoar.jpg>
Package pdftex.def Info: ./images/tracksoar.jpg used on input line 213.
(pdftex.def)             Requested size: 412.97041pt x 258.1065pt.
 [15 <./images/tracksoar.jpg>]
LaTeX Font Info:    Try loading font information for OMS+cmr on input line 237.


(/opt/local/share/texmf-texlive/tex/latex/base/omscmr.fd
File: omscmr.fd 2014/09/29 v2.5h Standard LaTeX font definitions
)
LaTeX Font Info:    Font shape `OMS/cmr/m/n' in size <10> not available
(Font)              Font shape `OMS/cmsy/m/n' tried instead on input line 237.

<./images/bmp.jpg, id=76, 68.1747pt x 68.1747pt>
File: ./images/bmp.jpg Graphic file (type jpg)
 <use ./images/bmp.jpg>
Package pdftex.def Info: ./images/bmp.jpg used on input line 269.
(pdftex.def)             Requested size: 68.17451pt x 68.17451pt.

[16 <./images/bmp.jpg>] [17

]
<./images/shape.png, id=84, 533.49312pt x 448.67625pt>
File: ./images/shape.png Graphic file (type png)

<use ./images/shape.png>
Package pdftex.def Info: ./images/shape.png used on input line 290.
(pdftex.def)             Requested size: 266.74591pt x 224.33757pt.
 [18 <./images/shape.png>]
Package epstopdf Info: Source file: <./graphs/heliumgraph.eps>
(epstopdf)                    date: 2017-03-08 19:44:35
(epstopdf)                    size: 383982 bytes
(epstopdf)             Output file: <./graphs/heliumgraph-eps-converted-to.pdf>

(epstopdf)                    date: 2017-03-08 19:45:20
(epstopdf)                    size: 99159 bytes
(epstopdf)             Command: <repstopdf --outfile=./graphs/heliumgraph-eps-c
onverted-to.pdf ./graphs/heliumgraph.eps>
(epstopdf)             \includegraphics on input line 308.
Package epstopdf Info: Output file is already uptodate.

<./graphs/heliumgraph-eps-converted-to.pdf, id=90, 849.1725pt x 596.2275pt>
File: ./graphs/heliumgraph-eps-converted-to.pdf Graphic file (type pdf)

<use ./graphs/heliumgraph-eps-converted-to.pdf>
Package pdftex.def Info: ./graphs/heliumgraph-eps-converted-to.pdf used on inpu
t line 308.
(pdftex.def)             Requested size: 424.5852pt x 298.11302pt.
 [19 <./graphs/heliumgraph-eps-converted-to.pdf>]
<./graphs/parachute-derivative.pdf, id=97, 361.35pt x 216.81pt>
File: ./graphs/parachute-derivative.pdf Graphic file (type pdf)

<use ./graphs/parachute-derivative.pdf>
Package pdftex.def Info: ./graphs/parachute-derivative.pdf used on input line 3
64.
(pdftex.def)             Requested size: 361.34912pt x 216.80946pt.
 [20] [21 <./graphs/parachute-derivative.pdf>] [22

] [23] [24

] [25


]
Appendix A.

LaTeX Warning: No positions in optional float specifier.
               Default added (so using `tbp') on input line 406.


Overfull \hbox (20.97313pt too wide) in paragraph at lines 431--467
[][]  
 []

[26

] [27]
Appendix A.
<./tracksoar/altitude-speed.pdf, id=160, 361.35pt x 216.81pt>
File: ./tracksoar/altitude-speed.pdf Graphic file (type pdf)

<use ./tracksoar/altitude-speed.pdf>
Package pdftex.def Info: ./tracksoar/altitude-speed.pdf used on input line 478.

(pdftex.def)             Requested size: 361.34912pt x 216.80946pt.

<./tracksoar/altitude-time.pdf, id=161, 361.35pt x 216.81pt>
File: ./tracksoar/altitude-time.pdf Graphic file (type pdf)

<use ./tracksoar/altitude-time.pdf>
Package pdftex.def Info: ./tracksoar/altitude-time.pdf used on input line 486.
(pdftex.def)             Requested size: 361.34912pt x 216.80946pt.
 [28

 <./tracksoar/altitude-speed.pdf>]
<./tracksoar/pressure-altitude.pdf, id=200, 361.35pt x 216.81pt>
File: ./tracksoar/pressure-altitude.pdf Graphic file (type pdf)

<use ./tracksoar/pressure-altitude.pdf>
Package pdftex.def Info: ./tracksoar/pressure-altitude.pdf used on input line 4
94.
(pdftex.def)             Requested size: 361.34912pt x 216.80946pt.

<./tracksoar/rh-temp.pdf, id=201, 361.35pt x 216.81pt>
File: ./tracksoar/rh-temp.pdf Graphic file (type pdf)

<use ./tracksoar/rh-temp.pdf>
Package pdftex.def Info: ./tracksoar/rh-temp.pdf used on input line 502.
(pdftex.def)             Requested size: 361.34912pt x 216.80946pt.
 [29 <./tracksoar/altitude-time.pdf> <./tracksoar/pressure-altitude.pdf

pdfTeX warning: pdflatex (file ./tracksoar/pressure-altitude.pdf): PDF inclusio
n: multiple pdfs with page group included in a single page
>] <./tracksoar/speed-altitude.pdf, id=272, 361.35pt x 216.81pt>
File: ./tracksoar/speed-altitude.pdf Graphic file (type pdf)

<use ./tracksoar/speed-altitude.pdf>
Package pdftex.def Info: ./tracksoar/speed-altitude.pdf used on input line 510.

(pdftex.def)             Requested size: 361.34912pt x 216.80946pt.

<./tracksoar/temp-time.pdf, id=273, 361.35pt x 216.81pt>
File: ./tracksoar/temp-time.pdf Graphic file (type pdf)

<use ./tracksoar/temp-time.pdf>
Package pdftex.def Info: ./tracksoar/temp-time.pdf used on input line 518.
(pdftex.def)             Requested size: 361.34912pt x 216.80946pt.
 [30 <./tracksoar/rh-temp.pdf> <./tracksoar/speed-altitude.pdf

pdfTeX warning: pdflatex (file ./tracksoar/speed-altitude.pdf): PDF inclusion: 
multiple pdfs with page group included in a single page
>] [31 <./tracksoar/temp-time.pdf>] (./final-report.aux) ) 
Here is how much of TeX's memory you used:
 12600 strings out of 494114
 258125 string characters out of 6155600
 278025 words of memory out of 5000000
 15815 multiletter control sequences out of 15000+600000
 21090 words of font info for 51 fonts, out of 8000000 for 9000
 430 hyphenation exceptions out of 8191
 38i,14n,42p,10381b,689s stack positions out of 5000i,500n,10000p,200000b,80000s
{/opt/local/share/tex
mf-texlive/fonts/enc/dvips/cm-super/cm-super-t1.enc}</opt/local/share/texmf-tex
live/fonts/type1/public/amsfonts/cm/cmex10.pfb></opt/local/share/texmf-texlive/
fonts/type1/public/amsfonts/cm/cmmi10.pfb></opt/local/share/texmf-texlive/fonts
/type1/public/amsfonts/cm/cmmi7.pfb></opt/local/share/texmf-texlive/fonts/type1
/public/amsfonts/cm/cmr10.pfb></opt/local/share/texmf-texlive/fonts/type1/publi
c/amsfonts/cm/cmr5.pfb></opt/local/share/texmf-texlive/fonts/type1/public/amsfo
nts/cm/cmr7.pfb></opt/local/share/texmf-texlive/fonts/type1/public/amsfonts/cm/
cmsy10.pfb></opt/local/share/texmf-texlive/fonts/type1/public/cm-super/sfbx1000
.pfb></opt/local/share/texmf-texlive/fonts/type1/public/cm-super/sfbx1200.pfb><
/opt/local/share/texmf-texlive/fonts/type1/public/cm-super/sfbx1440.pfb></opt/l
ocal/share/texmf-texlive/fonts/type1/public/cm-super/sfbx2074.pfb></opt/local/s
hare/texmf-texlive/fonts/type1/public/cm-super/sfbx2488.pfb></opt/local/share/t
exmf-texlive/fonts/type1/public/cm-super/sfrm1000.pfb></opt/local/share/texmf-t
exlive/fonts/type1/public/cm-super/sfrm1200.pfb></opt/local/share/texmf-texlive
/fonts/type1/public/cm-super/sfrm1728.pfb></opt/local/share/texmf-texlive/fonts
/type1/public/cm-super/sftt1000.pfb>
Output written on final-report.pdf (32 pages, 3034743 bytes).
PDF statistics:
 435 PDF objects out of 1000 (max. 8388607)
 291 compressed objects within 3 object streams
 0 named destinations out of 1000 (max. 500000)
 91 words of extra memory for PDF output out of 10000 (max. 10000000)

